<?xml version="1.0" encoding="UTF-8"?>
<!-- Generated by org.testng.reporters.JUnitReportReporter -->
<testsuite hostname="WS-9061" failures="0" tests="3" name="com.selenium.test.testing.TestngGroups" time="0.037" errors="0" timestamp="2022-04-07T17:03:28 IST" skipped="0">
  <testcase classname="com.selenium.test.testing.TestngGroups" name="test" time="0.022"/>
  <system-out/>
  <testcase classname="com.selenium.test.testing.TestngGroups" name="test3" time="0.011"/>
  <system-out/>
  <testcase classname="com.selenium.test.testing.TestngGroups" name="test2" time="0.004"/>
  <system-out/>
</testsuite> <!-- com.selenium.test.testing.TestngGroups -->
