<?xml version="1.0" encoding="UTF-8"?>
<!-- Generated by org.testng.reporters.JUnitReportReporter -->
<testsuite hostname="WS-9061" failures="0" tests="2" name="com.selenium.test.testing.TestngDataProvide" time="30.768" errors="0" timestamp="2022-03-24T14:45:21 IST" skipped="0">
  <testcase classname="com.selenium.test.testing.TestngDataProvide" name="loginTest" time="13.307"/>
  <system-out/>
  <testcase classname="com.selenium.test.testing.TestngDataProvide" name="loginTest" time="17.461"/>
  <system-out/>
</testsuite> <!-- com.selenium.test.testing.TestngDataProvide -->
