<?xml version="1.0" encoding="UTF-8"?>
<!-- Generated by org.testng.reporters.JUnitReportReporter -->
<testsuite hostname="WS-9061" failures="0" tests="1" name="day1.HttpRequests" time="4.261" errors="0" timestamp="2023-07-25T22:35:03 IST" skipped="0">
  <testcase classname="day1.HttpRequests" name="getUser" time="4.261"/>
  <system-out/>
</testsuite> <!-- day1.HttpRequests -->
