<?xml version="1.0" encoding="UTF-8"?>
<!-- Generated by org.testng.reporters.JUnitReportReporter -->
<testsuite hostname="WS-9061" failures="0" tests="1" name="day1.PostMethod" time="6.750" errors="0" timestamp="2023-08-17T21:53:53 IST" skipped="0">
  <testcase classname="day1.PostMethod" name="postMethod" time="6.750"/>
  <system-out/>
</testsuite> <!-- day1.PostMethod -->
