<?xml version="1.0" encoding="UTF-8"?>
<!-- Generated by org.testng.reporters.JUnitReportReporter -->
<testsuite hostname="WS-9061" failures="0" tests="2" name="day1.DeleteMethod" time="8.457" errors="0" timestamp="2023-08-18T22:35:21 IST" skipped="0">
  <testcase classname="day1.DeleteMethod" name="postMethod" time="3.273"/>
  <system-out/>
  <testcase classname="day1.DeleteMethod" name="deleteMethod" time="5.184"/>
  <system-out/>
</testsuite> <!-- day1.DeleteMethod -->
