<?xml version="1.0" encoding="UTF-8"?>
<!-- Generated by org.testng.reporters.JUnitReportReporter -->
<testsuite hostname="WS-9061" failures="0" tests="2" name="day1.PutMethod" time="7.925" errors="0" timestamp="2023-08-18T22:24:59 IST" skipped="0">
  <testcase classname="day1.PutMethod" name="putMethod" time="0.776"/>
  <system-out/>
  <testcase classname="day1.PutMethod" name="postMethod" time="7.149"/>
  <system-out/>
</testsuite> <!-- day1.PutMethod -->
