<?xml version="1.0" encoding="UTF-8"?>
<!-- Generated by org.testng.reporters.JUnitReportReporter -->
<testsuite hostname="WS-9061" failures="0" tests="1" name="day1.PostMethodJsonFile" time="20.751" errors="0" timestamp="2023-08-20T22:24:05 IST" skipped="0">
  <testcase classname="day1.PostMethodJsonFile" name="postMethodJsonfile" time="20.751"/>
  <system-out/>
</testsuite> <!-- day1.PostMethodJsonFile -->
