<?xml version="1.0" encoding="UTF-8"?>
<!-- Generated by org.testng.reporters.JUnitReportReporter -->
<testsuite hostname="WS-9061" failures="0" tests="1" name="day1.GetMethod" time="6.010" errors="0" timestamp="2023-08-16T22:05:08 IST" skipped="0">
  <testcase classname="day1.GetMethod" name="getmethod" time="6.010"/>
  <system-out/>
</testsuite> <!-- day1.GetMethod -->
